CoWin Portal initialized....
---------------------------------
1. Add Vaccine
2. Register Hospital
3. Register Citizen
4. Add Slot for Vaccination
5. Book Slot for Vaccination
6. List all slots for a hospital
7. Check Vaccination Status
8. Exit

---------------------------------
Vaccine Name: Number of Doses: Gap between Doses: Vaccine Name: Covax, Number of Doses: 2, Gap Between Doses: 2
---------------------------------
1. Add Vaccine
2. Register Hospital
3. Register Citizen
4. Add Slot for Vaccination
5. Book Slot for Vaccination
6. List all slots for a hospital
7. Check Vaccination Status
8. Exit

---------------------------------
Vaccine Name: Number of Doses: Vaccine Name: Covi, Number of Doses: 1, Gap Between Doses: 0
---------------------------------
1. Add Vaccine
2. Register Hospital
3. Register Citizen
4. Add Slot for Vaccination
5. Book Slot for Vaccination
6. List all slots for a hospital
7. Check Vaccination Status
8. Exit

---------------------------------
Hospital Name: PinCode: Hospital Name: Medistar, PinCode: 110091, Unique ID: 999999
---------------------------------
1. Add Vaccine
2. Register Hospital
3. Register Citizen
4. Add Slot for Vaccination
5. Book Slot for Vaccination
6. List all slots for a hospital
7. Check Vaccination Status
8. Exit

---------------------------------
Hospital Name: PinCode: Hospital Name: HealthCenter, PinCode: 110001, Unique ID: 999998
---------------------------------
1. Add Vaccine
2. Register Hospital
3. Register Citizen
4. Add Slot for Vaccination
5. Book Slot for Vaccination
6. List all slots for a hospital
7. Check Vaccination Status
8. Exit

---------------------------------
Enter Hospital ID: Enter number of Slots to be added: Enter Day Number: Enter Quantity: Select Vaccine
0. Covax
1. Covi
Slot added by Hospital 999999 for Day: 1 , Available Quantity: 5 of Vaccine Covax
Enter Day Number: Enter Quantity: Select Vaccine
0. Covax
1. Covi
Slot added by Hospital 999999 for Day: 2 , Available Quantity: 5 of Vaccine Covi
---------------------------------
1. Add Vaccine
2. Register Hospital
3. Register Citizen
4. Add Slot for Vaccination
5. Book Slot for Vaccination
6. List all slots for a hospital
7. Check Vaccination Status
8. Exit

---------------------------------
Enter Hospital Id: Day: 1 Vaccine: Covax Available Qty: 5
Day: 2 Vaccine: Covi Available Qty: 5
---------------------------------
1. Add Vaccine
2. Register Hospital
3. Register Citizen
4. Add Slot for Vaccination
5. Book Slot for Vaccination
6. List all slots for a hospital
7. Check Vaccination Status
8. Exit

---------------------------------
Enter Hospital ID: Enter number of Slots to be added: Enter Day Number: Enter Quantity: Select Vaccine
0. Covax
1. Covi
Slot added by Hospital 999998 for Day: 3 , Available Quantity: 10 of Vaccine Covax
---------------------------------
1. Add Vaccine
2. Register Hospital
3. Register Citizen
4. Add Slot for Vaccination
5. Book Slot for Vaccination
6. List all slots for a hospital
7. Check Vaccination Status
8. Exit

---------------------------------
Citizen Name: Age: Unique ID: Citizen Name: Justin, Age: 14, Unique ID: 123456654321
Only above 18 are allowed
---------------------------------
1. Add Vaccine
2. Register Hospital
3. Register Citizen
4. Add Slot for Vaccination
5. Book Slot for Vaccination
6. List all slots for a hospital
7. Check Vaccination Status
8. Exit

---------------------------------
Citizen Name: Age: Unique ID: Citizen Name: Marrion, Age: 23, Unique ID: 123456789000
---------------------------------
1. Add Vaccine
2. Register Hospital
3. Register Citizen
4. Add Slot for Vaccination
5. Book Slot for Vaccination
6. List all slots for a hospital
7. Check Vaccination Status
8. Exit

---------------------------------
Enter patient Unique ID: 1. Search by area
2. Search by Vaccine
3. Exit
Enter option: Enter PinCode: 999999 Medistar
Enter hospital id: 0-> Day: 1 Vaccine: Covax Available Qty: 5
1-> Day: 2 Vaccine: Covi Available Qty: 5
Choose Slot: Marrion vaccinated with Covax
---------------------------------
1. Add Vaccine
2. Register Hospital
3. Register Citizen
4. Add Slot for Vaccination
5. Book Slot for Vaccination
6. List all slots for a hospital
7. Check Vaccination Status
8. Exit

---------------------------------
Enter Patient ID: PARTIALLY VACCINATED
Vaccine Given: Covax
Number of Doses given: 1
Next Dose due date: 3
---------------------------------
1. Add Vaccine
2. Register Hospital
3. Register Citizen
4. Add Slot for Vaccination
5. Book Slot for Vaccination
6. List all slots for a hospital
7. Check Vaccination Status
8. Exit

---------------------------------
Enter patient Unique ID: 1. Search by area
2. Search by Vaccine
3. Exit
Enter option: Enter Vaccine name: 999999 Medistar
999998 HealthCenter
Enter hospital id: No slots available
---------------------------------
1. Add Vaccine
2. Register Hospital
3. Register Citizen
4. Add Slot for Vaccination
5. Book Slot for Vaccination
6. List all slots for a hospital
7. Check Vaccination Status
8. Exit

---------------------------------
Enter patient Unique ID: 1. Search by area
2. Search by Vaccine
3. Exit
Enter option: Enter Vaccine name: 999999 Medistar
999998 HealthCenter
Enter hospital id: 0-> Day: 3 Vaccine: Covax Available Qty: 10
Choose Slot: Marrion vaccinated with Covax
---------------------------------
1. Add Vaccine
2. Register Hospital
3. Register Citizen
4. Add Slot for Vaccination
5. Book Slot for Vaccination
6. List all slots for a hospital
7. Check Vaccination Status
8. Exit

---------------------------------
Enter Patient ID: FULLY VACCINATED
Vaccine Given: Covax
Number of Doses given: 2
---------------------------------
1. Add Vaccine
2. Register Hospital
3. Register Citizen
4. Add Slot for Vaccination
5. Book Slot for Vaccination
6. List all slots for a hospital
7. Check Vaccination Status
8. Exit

---------------------------------
Enter Hospital Id: Day: 1 Vaccine: Covax Available Qty: 4
Day: 2 Vaccine: Covi Available Qty: 5
---------------------------------
1. Add Vaccine
2. Register Hospital
3. Register Citizen
4. Add Slot for Vaccination
5. Book Slot for Vaccination
6. List all slots for a hospital
7. Check Vaccination Status
8. Exit

---------------------------------
Citizen Name: Age: Unique ID: Citizen Name: Mutt, Age: 45, Unique ID: 454545656565
---------------------------------
1. Add Vaccine
2. Register Hospital
3. Register Citizen
4. Add Slot for Vaccination
5. Book Slot for Vaccination
6. List all slots for a hospital
7. Check Vaccination Status
8. Exit

---------------------------------
Enter Patient ID: REGISTERED
---------------------------------
1. Add Vaccine
2. Register Hospital
3. Register Citizen
4. Add Slot for Vaccination
5. Book Slot for Vaccination
6. List all slots for a hospital
7. Check Vaccination Status
8. Exit

---------------------------------
Citizen Name: Age: Unique ID: Citizen Name: Oxley, Age: 67, Unique ID: 999999000000
---------------------------------
1. Add Vaccine
2. Register Hospital
3. Register Citizen
4. Add Slot for Vaccination
5. Book Slot for Vaccination
6. List all slots for a hospital
7. Check Vaccination Status
8. Exit

---------------------------------
Enter patient Unique ID: 1. Search by area
2. Search by Vaccine
3. Exit
Enter option: Enter Vaccine name: 999999 Medistar
Enter hospital id: 0-> Day: 2 Vaccine: Covi Available Qty: 5
Choose Slot: Oxley vaccinated with Covi
---------------------------------
1. Add Vaccine
2. Register Hospital
3. Register Citizen
4. Add Slot for Vaccination
5. Book Slot for Vaccination
6. List all slots for a hospital
7. Check Vaccination Status
8. Exit

---------------------------------
Enter Patient ID: FULLY VACCINATED
Vaccine Given: Covi
Number of Doses given: 1
---------------------------------
1. Add Vaccine
2. Register Hospital
3. Register Citizen
4. Add Slot for Vaccination
5. Book Slot for Vaccination
6. List all slots for a hospital
7. Check Vaccination Status
8. Exit

---------------------------------
